# JRE version: OpenJDK Runtime Environment Microsoft-8035246 (17.0.8+7) (build 17.0.8+7-LTS)
# Java VM: OpenJDK 64-Bit Server VM Microsoft-8035246 (17.0.8+7-LTS, mixed mode, sharing, tiered, compressed oops, compressed class ptrs, g1 gc, windows-amd64)
GC Precious Log:
 CPUs: 8 total, 8 available
 Memory: 16106M
 Large Page Support: Disabled
 NUMA Support: Disabled
 Compressed Oops: Enabled (32-bit)
 Heap Region Size: 1M
 Heap Min Capacity: 8M
 Heap Initial Capacity: 252M
 Heap Max Capacity: 2G
 Pre-touch: Disabled
 Parallel Workers: 8
 Concurrent Workers: 2
 Concurrent Refinement Workers: 8
 Periodic GC: Disabled
Heap:
 garbage-first heap   total 329728K, used 240251K [0x0000000080000000, 0x0000000100000000)
  region size 1024K, 51 young (52224K), 7 survivors (7168K)
 Metaspace       used 107996K, committed 109184K, reserved 557056K
  class space    used 15161K, committed 15744K, reserved 425984K
GC Heap History (20 events):
Event: 68.775 GC heap before
{Heap before GC invocations=41 (full 0):
 garbage-first heap   total 239616K, used 138107K [0x0000000080000000, 0x0000000100000000)
  region size 1024K, 11 young (11264K), 8 survivors (8192K)
 Metaspace       used 96579K, committed 97600K, reserved 557056K
  class space    used 13681K, committed 14144K, reserved 425984K
}
Event: 68.798 GC heap after
{Heap after GC invocations=42 (full 0):
 garbage-first heap   total 239616K, used 135200K [0x0000000080000000, 0x0000000100000000)
  region size 1024K, 1 young (1024K), 1 survivors (1024K)
 Metaspace       used 96579K, committed 97600K, reserved 557056K
  class space    used 13681K, committed 14144K, reserved 425984K
}
Event: 69.950 GC heap before
{Heap before GC invocations=42 (full 0):
 garbage-first heap   total 239616K, used 189472K [0x0000000080000000, 0x0000000100000000)
  region size 1024K, 54 young (55296K), 1 survivors (1024K)
 Metaspace       used 99371K, committed 100352K, reserved 557056K
  class space    used 14103K, committed 14528K, reserved 425984K
}
Event: 69.958 GC heap after
{Heap after GC invocations=43 (full 0):
 garbage-first heap   total 239616K, used 137372K [0x0000000080000000, 0x0000000100000000)
  region size 1024K, 4 young (4096K), 4 survivors (4096K)
 Metaspace       used 99371K, committed 100352K, reserved 557056K
  class space    used 14103K, committed 14528K, reserved 425984K
}
Event: 70.978 GC heap before
{Heap before GC invocations=44 (full 0):
 garbage-first heap   total 247808K, used 191644K [0x0000000080000000, 0x0000000100000000)
  region size 1024K, 57 young (58368K), 4 survivors (4096K)
 Metaspace       used 100474K, committed 101504K, reserved 557056K
  class space    used 14241K, committed 14720K, reserved 425984K
}
Event: 70.998 GC heap after
{Heap after GC invocations=45 (full 0):
 garbage-first heap   total 247808K, used 144757K [0x0000000080000000, 0x0000000100000000)
  region size 1024K, 8 young (8192K), 8 survivors (8192K)
 Metaspace       used 100474K, committed 101504K, reserved 557056K
  class space    used 14241K, committed 14720K, reserved 425984K
}
Event: 71.057 GC heap before
{Heap before GC invocations=45 (full 0):
 garbage-first heap   total 247808K, used 148853K [0x0000000080000000, 0x0000000100000000)
  region size 1024K, 12 young (12288K), 8 survivors (8192K)
 Metaspace       used 100477K, committed 101504K, reserved 557056K
  class space    used 14241K, committed 14720K, reserved 425984K
}
Event: 71.073 GC heap after
{Heap after GC invocations=46 (full 0):
 garbage-first heap   total 297984K, used 145244K [0x0000000080000000, 0x0000000100000000)
  region size 1024K, 2 young (2048K), 2 survivors (2048K)
 Metaspace       used 100477K, committed 101504K, reserved 557056K
  class space    used 14241K, committed 14720K, reserved 425984K
}
Event: 72.782 GC heap before
{Heap before GC invocations=46 (full 0):
 garbage-first heap   total 297984K, used 232284K [0x0000000080000000, 0x0000000100000000)
  region size 1024K, 86 young (88064K), 2 survivors (2048K)
 Metaspace       used 100990K, committed 102080K, reserved 557056K
  class space    used 14290K, committed 14784K, reserved 425984K
}
Event: 72.805 GC heap after
{Heap after GC invocations=47 (full 0):
 garbage-first heap   total 297984K, used 159086K [0x0000000080000000, 0x0000000100000000)
  region size 1024K, 11 young (11264K), 11 survivors (11264K)
 Metaspace       used 100990K, committed 102080K, reserved 557056K
  class space    used 14290K, committed 14784K, reserved 425984K
}
Event: 74.617 GC heap before
{Heap before GC invocations=47 (full 0):
 garbage-first heap   total 297984K, used 236910K [0x0000000080000000, 0x0000000100000000)
  region size 1024K, 85 young (87040K), 11 survivors (11264K)
 Metaspace       used 102539K, committed 103616K, reserved 557056K
  class space    used 14498K, committed 14976K, reserved 425984K
}
Event: 74.649 GC heap after
{Heap after GC invocations=48 (full 0):
 garbage-first heap   total 297984K, used 175995K [0x0000000080000000, 0x0000000100000000)
  region size 1024K, 11 young (11264K), 11 survivors (11264K)
 Metaspace       used 102539K, committed 103616K, reserved 557056K
  class space    used 14498K, committed 14976K, reserved 425984K
}
Event: 76.302 GC heap before
{Heap before GC invocations=48 (full 0):
 garbage-first heap   total 297984K, used 240507K [0x0000000080000000, 0x0000000100000000)
  region size 1024K, 74 young (75776K), 11 survivors (11264K)
 Metaspace       used 106919K, committed 108096K, reserved 557056K
  class space    used 15066K, committed 15616K, reserved 425984K
}
Event: 76.328 GC heap after
{Heap after GC invocations=49 (full 0):
 garbage-first heap   total 297984K, used 183663K [0x0000000080000000, 0x0000000100000000)
  region size 1024K, 7 young (7168K), 7 survivors (7168K)
 Metaspace       used 106919K, committed 108096K, reserved 557056K
  class space    used 15066K, committed 15616K, reserved 425984K
}
Event: 77.765 GC heap before
{Heap before GC invocations=50 (full 0):
 garbage-first heap   total 329728K, used 241007K [0x0000000080000000, 0x0000000100000000)
  region size 1024K, 63 young (64512K), 7 survivors (7168K)
 Metaspace       used 107387K, committed 108480K, reserved 557056K
  class space    used 15092K, committed 15616K, reserved 425984K
}
Event: 77.796 GC heap after
{Heap after GC invocations=51 (full 0):
 garbage-first heap   total 329728K, used 190587K [0x0000000080000000, 0x0000000100000000)
  region size 1024K, 7 young (7168K), 7 survivors (7168K)
 Metaspace       used 107387K, committed 108480K, reserved 557056K
  class space    used 15092K, committed 15616K, reserved 425984K
}
Event: 78.039 GC heap before
{Heap before GC invocations=51 (full 0):
 garbage-first heap   total 329728K, used 199803K [0x0000000080000000, 0x0000000100000000)
  region size 1024K, 16 young (16384K), 7 survivors (7168K)
 Metaspace       used 107627K, committed 108736K, reserved 557056K
  class space    used 15121K, committed 15680K, reserved 425984K
}
Event: 78.060 GC heap after
{Heap after GC invocations=52 (full 0):
 garbage-first heap   total 329728K, used 191855K [0x0000000080000000, 0x0000000100000000)
  region size 1024K, 2 young (2048K), 2 survivors (2048K)
 Metaspace       used 107627K, committed 108736K, reserved 557056K
  class space    used 15121K, committed 15680K, reserved 425984K
}
Event: 79.003 GC heap before
{Heap before GC invocations=52 (full 0):
 garbage-first heap   total 329728K, used 264559K [0x0000000080000000, 0x0000000100000000)
  region size 1024K, 74 young (75776K), 2 survivors (2048K)
 Metaspace       used 107987K, committed 109184K, reserved 557056K
  class space    used 15161K, committed 15744K, reserved 425984K
}
Event: 79.019 GC heap after
{Heap after GC invocations=53 (full 0):
 garbage-first heap   total 329728K, used 196219K [0x0000000080000000, 0x0000000100000000)
  region size 1024K, 7 young (7168K), 7 survivors (7168K)
 Metaspace       used 107987K, committed 109184K, reserved 557056K
  class space    used 15161K, committed 15744K, reserved 425984K
}

